2025-05-02 23:48:15,785 - INFO - [31m[1mWARNING: This is a development server. Do not use it in a production deployment. Use a production WSGI server instead.[0m
 * Running on http://127.0.0.1:5000
2025-05-02 23:48:15,785 - INFO - [33mPress CTRL+C to quit[0m
2025-05-02 23:48:15,785 - INFO -  * Restarting with stat
2025-05-02 23:48:16,394 - WARNING -  * Debugger is active!
2025-05-02 23:48:16,401 - INFO -  * Debugger PIN: 114-805-896
2025-05-02 23:51:06,070 - INFO - [31m[1mWARNING: This is a development server. Do not use it in a production deployment. Use a production WSGI server instead.[0m
 * Running on http://127.0.0.1:5000
2025-05-02 23:51:06,070 - INFO - [33mPress CTRL+C to quit[0m
2025-05-02 23:51:06,071 - INFO -  * Restarting with stat
2025-05-02 23:51:06,704 - WARNING -  * Debugger is active!
2025-05-02 23:51:06,710 - INFO -  * Debugger PIN: 114-805-896
2025-05-02 23:51:27,763 - DEBUG - Request: GET http://127.0.0.1:5000/live-analysis
2025-05-02 23:52:05,681 - DEBUG - Request: GET http://127.0.0.1:5000/live-analysis
2025-05-03 02:02:13,948 - INFO - [31m[1mWARNING: This is a development server. Do not use it in a production deployment. Use a production WSGI server instead.[0m
 * Running on http://127.0.0.1:5000
2025-05-03 02:02:13,949 - INFO - [33mPress CTRL+C to quit[0m
2025-05-03 02:02:13,949 - INFO -  * Restarting with stat
2025-05-03 02:02:14,578 - WARNING -  * Debugger is active!
2025-05-03 02:02:14,585 - INFO -  * Debugger PIN: 114-805-896
2025-05-03 02:03:02,870 - INFO - [31m[1mWARNING: This is a development server. Do not use it in a production deployment. Use a production WSGI server instead.[0m
 * Running on http://127.0.0.1:5000
2025-05-03 02:03:02,870 - INFO - [33mPress CTRL+C to quit[0m
2025-05-03 02:03:02,870 - INFO -  * Restarting with stat
2025-05-03 02:03:03,459 - WARNING -  * Debugger is active!
2025-05-03 02:03:03,464 - INFO -  * Debugger PIN: 114-805-896
2025-05-03 02:03:58,413 - INFO -  * Detected change in '/Users/shubhampal/Documents/TherAssist/Therapyapp/routes/file1/main.py', reloading
2025-05-03 02:03:58,480 - INFO -  * Restarting with stat
2025-05-03 02:03:59,070 - WARNING -  * Debugger is active!
2025-05-03 02:03:59,075 - INFO -  * Debugger PIN: 114-805-896
2025-05-03 02:04:36,752 - INFO -  * Detected change in '/Users/shubhampal/Documents/TherAssist/Therapyapp/routes/file1/main.py', reloading
2025-05-03 02:04:36,826 - INFO -  * Restarting with stat
2025-05-03 02:04:37,410 - WARNING -  * Debugger is active!
2025-05-03 02:04:37,415 - INFO -  * Debugger PIN: 114-805-896
2025-05-03 02:05:06,913 - INFO -  * Detected change in '/Users/shubhampal/Documents/TherAssist/Therapyapp/routes/file1/main.py', reloading
2025-05-03 02:05:06,984 - INFO -  * Restarting with stat
2025-05-03 02:05:07,593 - WARNING -  * Debugger is active!
2025-05-03 02:05:07,597 - INFO -  * Debugger PIN: 114-805-896
2025-05-03 02:05:14,717 - INFO -  * Detected change in '/Users/shubhampal/Documents/TherAssist/Therapyapp/routes/file1/main.py', reloading
2025-05-03 02:05:14,774 - INFO -  * Restarting with stat
2025-05-03 02:05:15,367 - WARNING -  * Debugger is active!
2025-05-03 02:05:15,371 - INFO -  * Debugger PIN: 114-805-896
2025-05-03 02:39:26,560 - ERROR - Failed to read frame from the camera.
2025-05-03 02:39:26,560 - ERROR - Failed to read frame from the camera.
2025-05-03 02:39:26,560 - ERROR - Failed to read frame from the camera.
2025-05-03 02:39:26,560 - ERROR - Failed to read frame from the camera.
2025-05-03 02:39:26,560 - ERROR - Failed to read frame from the camera.
2025-05-03 15:29:49,070 - ERROR - Failed to read frame from the camera.
2025-05-03 15:32:39,059 - ERROR - Failed to read frame from the camera.
